<?xml version="1.0" encoding="UTF-8"?>
<testsuites>
   <testsuite name="finalsetup" tests="1" failures="0" errors="0" time="375.116179446">
      <properties></properties>
      <testcase name="dataTransfer" classname="tibtest" time="375.116179446"></testcase>
   </testsuite>
</testsuites>
